  Game.cpp
  main.cpp
  Quad.cpp
  Scene.cpp
  Shader.cpp
  ShaderProgram.cpp
  Text.cpp
  Texture.cpp
  TexturedQuad.cpp
SOIL.lib(SOIL.obj) : warning LNK4075: se omite '/EDITANDCONTINUE' debido a la especificación '/OPT:ICF'
LINK : warning LNK4098: la biblioteca predeterminada'MSVCRTD' entra en conflicto con otras bibliotecas; use la biblioteca /NODEFAULTLIB:biblioteca
  Generando código
  242 of 310 functions (78.1%) were compiled, the rest were copied from previous compilation.
    6 functions were new in current compilation
    1 functions had inline decision re-evaluated but remain unchanged
  Generación de código finalizada
SOIL.lib(image_DXT.obj) : warning LNK4099: no se encontró PDB 'vc100.pdb' con 'SOIL.lib(image_DXT.obj)' o en 'C:\Users\joel_\Dropbox\4t_UNI_2_quatr\VJ_-_Videojocs\LAB\2D\ExOpenGL3\OpenGL\06-text\Release\vc100.pdb'; se vinculará el objeto sin tener en cuenta información de depuración
SOIL.lib(image_helper.obj) : warning LNK4099: no se encontró PDB 'vc100.pdb' con 'SOIL.lib(image_helper.obj)' o en 'C:\Users\joel_\Dropbox\4t_UNI_2_quatr\VJ_-_Videojocs\LAB\2D\ExOpenGL3\OpenGL\06-text\Release\vc100.pdb'; se vinculará el objeto sin tener en cuenta información de depuración
SOIL.lib(SOIL.obj) : warning LNK4099: no se encontró PDB 'vc100.pdb' con 'SOIL.lib(SOIL.obj)' o en 'C:\Users\joel_\Dropbox\4t_UNI_2_quatr\VJ_-_Videojocs\LAB\2D\ExOpenGL3\OpenGL\06-text\Release\vc100.pdb'; se vinculará el objeto sin tener en cuenta información de depuración
SOIL.lib(stb_image_aug.obj) : warning LNK4099: no se encontró PDB 'vc100.pdb' con 'SOIL.lib(stb_image_aug.obj)' o en 'C:\Users\joel_\Dropbox\4t_UNI_2_quatr\VJ_-_Videojocs\LAB\2D\ExOpenGL3\OpenGL\06-text\Release\vc100.pdb'; se vinculará el objeto sin tener en cuenta información de depuración
  06-text.vcxproj -> C:\Users\joel_\Dropbox\4t_UNI_2_quatr\VJ_-_Videojocs\LAB\2D\ExOpenGL3\OpenGL\06-text\Release\06-text.exe
